<?xml version="1.0" encoding="UTF-8"?>
<testng-results skipped="0" failed="0" ignored="0" total="1" passed="1">
  <reporter-output>
  </reporter-output>
  <suite name="SeleniumTraining" duration-ms="32426" started-at="2021-06-16T15:23:27Z" finished-at="2021-06-16T15:23:59Z">
    <groups>
    </groups>
    <test name="Testcycle1" duration-ms="32426" started-at="2021-06-16T15:23:27Z" finished-at="2021-06-16T15:23:59Z">
      <class name="com.qa.TestScripts.TestCase1">
        <test-method status="PASS" signature="openbrowserTest()[pri:0, instance:com.qa.TestScripts.TestCase1@1b37288]" name="openbrowserTest" duration-ms="32381" started-at="2021-06-16T15:23:27Z" finished-at="2021-06-16T15:23:59Z">
          <reporter-output>
          </reporter-output>
        </test-method> <!-- openbrowserTest -->
      </class> <!-- com.qa.TestScripts.TestCase1 -->
    </test> <!-- Testcycle1 -->
  </suite> <!-- SeleniumTraining -->
</testng-results>
