<?xml version="1.0" encoding="UTF-8"?>
<testng-results skipped="0" failed="0" ignored="0" total="1" passed="1">
  <reporter-output>
  </reporter-output>
  <suite name="Default suite" duration-ms="28678" started-at="2021-06-16T15:14:05Z" finished-at="2021-06-16T15:14:34Z">
    <groups>
    </groups>
    <test name="Default test" duration-ms="28678" started-at="2021-06-16T15:14:05Z" finished-at="2021-06-16T15:14:34Z">
      <class name="com.qa.TestScripts.TestCase1">
        <test-method status="PASS" signature="openbrowserTest()[pri:0, instance:com.qa.TestScripts.TestCase1@2f8f11]" name="openbrowserTest" duration-ms="28609" started-at="2021-06-16T15:14:05Z" finished-at="2021-06-16T15:14:34Z">
          <reporter-output>
          </reporter-output>
        </test-method> <!-- openbrowserTest -->
      </class> <!-- com.qa.TestScripts.TestCase1 -->
    </test> <!-- Default test -->
  </suite> <!-- Default suite -->
</testng-results>
